########### array before sorts ###########
0	-22.496841	-72.880500	-22.496841	-76.670300	n
1	-22.496841	-76.670300	-22.565012	-77.187953	n
2	-22.565012	-77.187953	-22.764838	-77.670322	n
3	-22.764838	-77.670322	-23.082701	-78.084536	n
4	-23.082701	-78.084536	-23.496941	-78.402366	n
5	-23.496941	-78.402366	-23.979325	-78.602154	n
6	-23.979325	-78.602154	-24.496982	-78.670284	n
7	-24.496982	-78.670284	-25.014634	-78.602113	n
8	-25.014634	-78.602113	-25.051959	-78.591719	n
9	-25.051959	-78.591719	-44.539536	-69.429324	n
10	-44.539536	-69.429324	-60.991687	-55.535372	n
11	-60.991687	-55.535372	-73.287224	-37.856716	n
12	-73.287224	-37.856716	-80.588229	-17.598125	n
13	-80.588229	-17.598125	-82.397149	3.859810	n
14	-82.397149	3.859810	-78.590709	25.054766	n
15	-78.590709	25.054766	-69.428312	44.542342	n
16	-69.428312	44.542342	-55.693850	60.848891	n
17	-55.693850	60.848891	-55.244309	61.114429	n
18	-55.244309	61.114429	-54.741361	61.254570	n
19	-54.741361	61.254570	-54.219278	61.259763	n
20	-54.219278	61.259763	-53.713642	61.129654	n
21	-53.713642	61.129654	-53.509341	61.033669	n
22	-53.509341	61.033669	-50.152300	59.290791	n
23	-50.152300	59.290791	-49.719323	58.999033	n
24	-49.719323	58.999033	-49.376612	58.605152	n
25	-49.376612	58.605152	-49.147523	58.135991	n
26	-49.147523	58.135991	-49.047667	57.623524	n
27	-49.047667	57.623524	-49.083851	57.102675	n
28	-49.083851	57.102675	-49.253607	56.608938	n
29	-49.253607	56.608938	-49.545367	56.175961	n
30	-49.545367	56.175961	-49.716131	56.004831	n
31	-49.716131	56.004831	-62.517389	41.229919	n
32	-62.517389	41.229919	-71.058425	23.645239	n
33	-71.058425	23.645239	-74.757183	4.449159	n
34	-74.757183	4.449159	-73.361598	-15.050139	n
35	-73.361598	-15.050139	-66.966776	-33.523811	n
36	-66.966776	-33.523811	-56.008515	-49.712906	n
37	-56.008515	-49.712906	-41.233601	-62.514164	n
38	-41.233601	-62.514164	-23.859641	-70.984731	n
39	-23.859641	-70.984731	-23.390684	-71.214258	n
40	-23.390684	-71.214258	-22.997112	-71.557338	n
41	-22.997112	-71.557338	-22.705747	-71.990592	n
42	-22.705747	-71.990592	-22.536444	-72.484494	n
43	-22.536444	-72.484494	-22.496841	-72.880500	n
44	24.897731	-78.640569	24.376831	-78.675892	n
45	24.376831	-78.675892	23.864536	-78.575191	n
46	23.864536	-78.575191	23.395761	-78.345329	n
47	23.395761	-78.345329	23.002451	-78.001972	n
48	23.002451	-78.001972	22.711411	-77.568519	n
49	22.711411	-77.568519	22.542473	-77.074508	n
50	22.542473	-77.074508	22.503159	-76.679881	n
51	22.503159	-76.679881	22.503159	-72.878231	n
52	22.503159	-72.878231	22.571285	-72.360614	n
53	22.571285	-72.360614	22.771059	-71.878267	n
54	22.771059	-71.878267	23.088866	-71.464061	n
55	23.088866	-71.464061	23.503048	-71.146224	n
56	23.503048	-71.146224	23.865769	-70.982509	n
57	23.865769	-70.982509	41.424299	-62.386731	n
58	41.424299	-62.386731	56.159788	-49.539364	n
59	56.159788	-49.539364	67.068033	-33.315935	n
60	67.068033	-33.315935	73.405656	-14.822044	n
61	73.405656	-14.822044	74.740759	4.681980	n
62	74.740759	4.681980	70.982357	23.866970	n
63	70.982357	23.866970	62.386578	41.425502	n
64	62.386578	41.425502	49.715400	56.005081	n
65	49.715400	56.005081	49.373529	56.399696	n
66	49.373529	56.399696	49.145439	56.869346	n
67	49.145439	56.869346	49.046675	57.382027	n
68	49.046675	57.382027	49.083969	57.902800	n
69	49.083969	57.902800	49.254777	58.396177	n
70	49.254777	58.396177	49.547461	58.828533	n
71	49.547461	58.828533	49.942074	59.170405	n
72	49.942074	59.170405	50.151569	59.291059	n
73	50.151569	59.291059	53.512231	61.035891	n
74	53.512231	61.035891	53.999991	61.222159	n
75	53.999991	61.222159	54.519341	61.275840	n
76	54.519341	61.275840	55.034887	61.193275	n
77	55.034887	61.193275	55.511497	60.980089	n
78	55.511497	60.980089	55.661019	60.878519	n
79	55.661019	60.878519	69.521172	44.398940	n
80	69.521172	44.398940	78.643824	24.893619	n
81	78.643824	24.893619	82.407279	3.691809	n
82	82.407279	3.691809	80.555066	-17.761621	n
83	80.555066	-17.761621	73.213409	-38.004654	n
84	73.213409	-38.004654	60.882631	-55.657763	n
85	60.882631	-55.657763	44.403053	-69.517916	n
86	44.403053	-69.517916	24.897731	-78.640569	n
87	-18.496841	-39.932359	18.503159	-39.932359	n
88	18.503159	-39.932359	18.503159	-70.432359	n
89	18.503159	-70.432359	-18.496841	-70.432359	n
90	-18.496841	-70.432359	-18.496841	-39.932359	n
91	-60.750409	83.789409	-60.810518	84.043444	n
92	-60.810518	84.043444	-60.934326	84.273264	n
93	-60.934326	84.273264	-61.113398	84.463209	n
94	-61.113398	84.463209	-61.335529	84.600334	n
95	-61.335529	84.600334	-61.585582	84.675296	n
96	-61.585582	84.675296	-61.846517	84.682984	n
97	-61.846517	84.682984	-62.100550	84.622876	n
98	-62.100550	84.622876	-62.330370	84.499068	n
99	-62.330370	84.499068	-62.338969	84.492791	n
100	-62.338969	84.492791	-82.082925	65.479350	n
101	-82.082925	65.479350	-96.233081	42.003662	n
102	-96.233081	42.003662	-103.825127	15.665560	n
103	-103.825127	15.665560	-104.341678	-11.740060	n
104	-104.341678	-11.740060	-97.747531	-38.345549	n
105	-97.747531	-38.345549	-84.492068	-62.337787	n
106	-84.492068	-62.337787	-65.478625	-82.081743	n
107	-65.478625	-82.081743	-42.002938	-96.231899	n
108	-42.002938	-96.231899	-15.664835	-103.823946	n
109	-15.664835	-103.823946	11.740785	-104.340497	n
110	11.740785	-104.340497	38.346274	-97.746350	n
111	38.346274	-97.746350	62.338512	-84.490887	n
112	62.338512	-84.490887	82.082468	-65.477444	n
113	82.082468	-65.477444	96.232624	-42.001756	n
114	96.232624	-42.001756	103.824671	-15.663654	n
115	103.824671	-15.663654	104.341222	11.741966	n
116	104.341222	11.741966	97.747075	38.347455	n
117	97.747075	38.347455	84.491612	62.339693	n
118	84.491612	62.339693	65.478169	82.083649	n
119	65.478169	82.083649	62.337931	84.493219	n
120	62.337931	84.493219	62.109430	84.619457	n
121	62.109430	84.619457	61.856043	84.682255	n
122	61.856043	84.682255	61.595037	84.677332	n
123	61.595037	84.677332	61.344199	84.605023	n
124	61.344199	84.605023	61.120623	84.470257	n
125	61.120623	84.470257	60.939545	84.282217	n
126	60.939545	84.282217	60.813305	84.053717	n
127	60.813305	84.053717	60.750507	83.800331	n
128	60.750507	83.800331	60.749391	83.789919	n
129	60.749391	83.789919	59.502885	78.525035	n
130	59.502885	78.525035	56.936202	73.762166	n
131	56.936202	73.762166	53.224254	69.825895	n
132	53.224254	69.825895	50.001019	67.667309	n
133	50.001019	67.667309	24.402791	57.871150	n
134	24.402791	57.871150	-2.858632	55.034096	n
135	-2.858632	55.034096	-29.925428	59.349489	n
136	-29.925428	59.349489	-50.002250	67.665050	n
137	-50.002250	67.665050	-54.382825	70.841116	n
138	-54.382825	70.841116	-57.792107	75.042737	n
139	-57.792107	75.042737	-59.997762	79.983579	n
140	-59.997762	79.983579	-60.750409	83.789409	n
Tolerance=0.050000.
*Exact match for i=0 and j=1.
*i point -22.496841	-72.880500	-22.496841	-76.670300	y
*Exact match for i=1 and j=2.
*i point -22.496841	-76.670300	-22.565012	-77.187953	y
*Exact match for i=2 and j=3.
*i point -22.565012	-77.187953	-22.764838	-77.670322	y
*Exact match for i=3 and j=4.
*i point -22.764838	-77.670322	-23.082701	-78.084536	y
*Exact match for i=4 and j=5.
*i point -23.082701	-78.084536	-23.496941	-78.402366	y
*Exact match for i=5 and j=6.
*i point -23.496941	-78.402366	-23.979325	-78.602154	y
*Exact match for i=6 and j=7.
*i point -23.979325	-78.602154	-24.496982	-78.670284	y
*Exact match for i=7 and j=8.
*i point -24.496982	-78.670284	-25.014634	-78.602113	y
*Exact match for i=8 and j=9.
*i point -25.014634	-78.602113	-25.051959	-78.591719	y
*Exact match for i=9 and j=10.
*i point -25.051959	-78.591719	-44.539536	-69.429324	y
*Exact match for i=10 and j=11.
*i point -44.539536	-69.429324	-60.991687	-55.535372	y
*Exact match for i=11 and j=12.
*i point -60.991687	-55.535372	-73.287224	-37.856716	y
*Exact match for i=12 and j=13.
*i point -73.287224	-37.856716	-80.588229	-17.598125	y
*Exact match for i=13 and j=14.
*i point -80.588229	-17.598125	-82.397149	3.859810	y
*Exact match for i=14 and j=15.
*i point -82.397149	3.859810	-78.590709	25.054766	y
*Exact match for i=15 and j=16.
*i point -78.590709	25.054766	-69.428312	44.542342	y
*Exact match for i=16 and j=17.
*i point -69.428312	44.542342	-55.693850	60.848891	y
*Exact match for i=17 and j=18.
*i point -55.693850	60.848891	-55.244309	61.114429	y
*Exact match for i=18 and j=19.
*i point -55.244309	61.114429	-54.741361	61.254570	y
*Exact match for i=19 and j=20.
*i point -54.741361	61.254570	-54.219278	61.259763	y
*Exact match for i=20 and j=21.
*i point -54.219278	61.259763	-53.713642	61.129654	y
*Exact match for i=21 and j=22.
*i point -53.713642	61.129654	-53.509341	61.033669	y
*Exact match for i=22 and j=23.
*i point -53.509341	61.033669	-50.152300	59.290791	y
*Exact match for i=23 and j=24.
*i point -50.152300	59.290791	-49.719323	58.999033	y
*Exact match for i=24 and j=25.
*i point -49.719323	58.999033	-49.376612	58.605152	y
*Exact match for i=25 and j=26.
*i point -49.376612	58.605152	-49.147523	58.135991	y
*Exact match for i=26 and j=27.
*i point -49.147523	58.135991	-49.047667	57.623524	y
*Exact match for i=27 and j=28.
*i point -49.047667	57.623524	-49.083851	57.102675	y
*Exact match for i=28 and j=29.
*i point -49.083851	57.102675	-49.253607	56.608938	y
*Exact match for i=29 and j=30.
*i point -49.253607	56.608938	-49.545367	56.175961	y
*Exact match for i=30 and j=31.
*i point -49.545367	56.175961	-49.716131	56.004831	y
*Exact match for i=31 and j=32.
*i point -49.716131	56.004831	-62.517389	41.229919	y
*Exact match for i=32 and j=33.
*i point -62.517389	41.229919	-71.058425	23.645239	y
*Exact match for i=33 and j=34.
*i point -71.058425	23.645239	-74.757183	4.449159	y
*Exact match for i=34 and j=35.
*i point -74.757183	4.449159	-73.361598	-15.050139	y
*Exact match for i=35 and j=36.
*i point -73.361598	-15.050139	-66.966776	-33.523811	y
*Exact match for i=36 and j=37.
*i point -66.966776	-33.523811	-56.008515	-49.712906	y
*Exact match for i=37 and j=38.
*i point -56.008515	-49.712906	-41.233601	-62.514164	y
*Exact match for i=38 and j=39.
*i point -41.233601	-62.514164	-23.859641	-70.984731	y
*Exact match for i=39 and j=40.
*i point -23.859641	-70.984731	-23.390684	-71.214258	y
*Exact match for i=40 and j=41.
*i point -23.390684	-71.214258	-22.997112	-71.557338	y
*Exact match for i=41 and j=42.
*i point -22.997112	-71.557338	-22.705747	-71.990592	y
*Exact match for i=42 and j=43.
*i point -22.705747	-71.990592	-22.536444	-72.484494	y
*Exact match for i=44 and j=45.
*i point 24.897731	-78.640569	24.376831	-78.675892	y
*Exact match for i=45 and j=46.
*i point 24.376831	-78.675892	23.864536	-78.575191	y
*Exact match for i=46 and j=47.
*i point 23.864536	-78.575191	23.395761	-78.345329	y
*Exact match for i=47 and j=48.
*i point 23.395761	-78.345329	23.002451	-78.001972	y
*Exact match for i=48 and j=49.
*i point 23.002451	-78.001972	22.711411	-77.568519	y
*Exact match for i=49 and j=50.
*i point 22.711411	-77.568519	22.542473	-77.074508	y
*Exact match for i=50 and j=51.
*i point 22.542473	-77.074508	22.503159	-76.679881	y
*Exact match for i=51 and j=52.
*i point 22.503159	-76.679881	22.503159	-72.878231	y
*Exact match for i=52 and j=53.
*i point 22.503159	-72.878231	22.571285	-72.360614	y
*Exact match for i=53 and j=54.
*i point 22.571285	-72.360614	22.771059	-71.878267	y
*Exact match for i=54 and j=55.
*i point 22.771059	-71.878267	23.088866	-71.464061	y
*Exact match for i=55 and j=56.
*i point 23.088866	-71.464061	23.503048	-71.146224	y
*Exact match for i=56 and j=57.
*i point 23.503048	-71.146224	23.865769	-70.982509	y
*Exact match for i=57 and j=58.
*i point 23.865769	-70.982509	41.424299	-62.386731	y
*Exact match for i=58 and j=59.
*i point 41.424299	-62.386731	56.159788	-49.539364	y
*Exact match for i=59 and j=60.
*i point 56.159788	-49.539364	67.068033	-33.315935	y
*Exact match for i=60 and j=61.
*i point 67.068033	-33.315935	73.405656	-14.822044	y
*Exact match for i=61 and j=62.
*i point 73.405656	-14.822044	74.740759	4.681980	y
*Exact match for i=62 and j=63.
*i point 74.740759	4.681980	70.982357	23.866970	y
*Exact match for i=63 and j=64.
*i point 70.982357	23.866970	62.386578	41.425502	y
*Exact match for i=64 and j=65.
*i point 62.386578	41.425502	49.715400	56.005081	y
*Exact match for i=65 and j=66.
*i point 49.715400	56.005081	49.373529	56.399696	y
*Exact match for i=66 and j=67.
*i point 49.373529	56.399696	49.145439	56.869346	y
*Exact match for i=67 and j=68.
*i point 49.145439	56.869346	49.046675	57.382027	y
*Exact match for i=68 and j=69.
*i point 49.046675	57.382027	49.083969	57.902800	y
*Exact match for i=69 and j=70.
*i point 49.083969	57.902800	49.254777	58.396177	y
*Exact match for i=70 and j=71.
*i point 49.254777	58.396177	49.547461	58.828533	y
*Exact match for i=71 and j=72.
*i point 49.547461	58.828533	49.942074	59.170405	y
*Exact match for i=72 and j=73.
*i point 49.942074	59.170405	50.151569	59.291059	y
*Exact match for i=73 and j=74.
*i point 50.151569	59.291059	53.512231	61.035891	y
*Exact match for i=74 and j=75.
*i point 53.512231	61.035891	53.999991	61.222159	y
*Exact match for i=75 and j=76.
*i point 53.999991	61.222159	54.519341	61.275840	y
*Exact match for i=76 and j=77.
*i point 54.519341	61.275840	55.034887	61.193275	y
*Exact match for i=77 and j=78.
*i point 55.034887	61.193275	55.511497	60.980089	y
*Exact match for i=78 and j=79.
*i point 55.511497	60.980089	55.661019	60.878519	y
*Exact match for i=79 and j=80.
*i point 55.661019	60.878519	69.521172	44.398940	y
*Exact match for i=80 and j=81.
*i point 69.521172	44.398940	78.643824	24.893619	y
*Exact match for i=81 and j=82.
*i point 78.643824	24.893619	82.407279	3.691809	y
*Exact match for i=82 and j=83.
*i point 82.407279	3.691809	80.555066	-17.761621	y
*Exact match for i=83 and j=84.
*i point 80.555066	-17.761621	73.213409	-38.004654	y
*Exact match for i=84 and j=85.
*i point 73.213409	-38.004654	60.882631	-55.657763	y
*Exact match for i=85 and j=86.
*i point 60.882631	-55.657763	44.403053	-69.517916	y
*Exact match for i=87 and j=88.
*i point -18.496841	-39.932359	18.503159	-39.932359	y
*Exact match for i=88 and j=89.
*i point 18.503159	-39.932359	18.503159	-70.432359	y
*Exact match for i=89 and j=90.
*i point 18.503159	-70.432359	-18.496841	-70.432359	y
*Exact match for i=91 and j=92.
*i point -60.750409	83.789409	-60.810518	84.043444	y
*Exact match for i=92 and j=93.
*i point -60.810518	84.043444	-60.934326	84.273264	y
*Exact match for i=93 and j=94.
*i point -60.934326	84.273264	-61.113398	84.463209	y
*Exact match for i=94 and j=95.
*i point -61.113398	84.463209	-61.335529	84.600334	y
*Exact match for i=95 and j=96.
*i point -61.335529	84.600334	-61.585582	84.675296	y
*Exact match for i=96 and j=97.
*i point -61.585582	84.675296	-61.846517	84.682984	y
*Exact match for i=97 and j=98.
*i point -61.846517	84.682984	-62.100550	84.622876	y
*Exact match for i=98 and j=99.
*i point -62.100550	84.622876	-62.330370	84.499068	y
*Exact match for i=99 and j=100.
*i point -62.330370	84.499068	-62.338969	84.492791	y
*Exact match for i=100 and j=101.
*i point -62.338969	84.492791	-82.082925	65.479350	y
*Exact match for i=101 and j=102.
*i point -82.082925	65.479350	-96.233081	42.003662	y
*Exact match for i=102 and j=103.
*i point -96.233081	42.003662	-103.825127	15.665560	y
*Exact match for i=103 and j=104.
*i point -103.825127	15.665560	-104.341678	-11.740060	y
*Exact match for i=104 and j=105.
*i point -104.341678	-11.740060	-97.747531	-38.345549	y
*Exact match for i=105 and j=106.
*i point -97.747531	-38.345549	-84.492068	-62.337787	y
*Exact match for i=106 and j=107.
*i point -84.492068	-62.337787	-65.478625	-82.081743	y
*Exact match for i=107 and j=108.
*i point -65.478625	-82.081743	-42.002938	-96.231899	y
*Exact match for i=108 and j=109.
*i point -42.002938	-96.231899	-15.664835	-103.823946	y
*Exact match for i=109 and j=110.
*i point -15.664835	-103.823946	11.740785	-104.340497	y
*Exact match for i=110 and j=111.
*i point 11.740785	-104.340497	38.346274	-97.746350	y
*Exact match for i=111 and j=112.
*i point 38.346274	-97.746350	62.338512	-84.490887	y
*Exact match for i=112 and j=113.
*i point 62.338512	-84.490887	82.082468	-65.477444	y
*Exact match for i=113 and j=114.
*i point 82.082468	-65.477444	96.232624	-42.001756	y
*Exact match for i=114 and j=115.
*i point 96.232624	-42.001756	103.824671	-15.663654	y
*Exact match for i=115 and j=116.
*i point 103.824671	-15.663654	104.341222	11.741966	y
*Exact match for i=116 and j=117.
*i point 104.341222	11.741966	97.747075	38.347455	y
*Exact match for i=117 and j=118.
*i point 97.747075	38.347455	84.491612	62.339693	y
*Exact match for i=118 and j=119.
*i point 84.491612	62.339693	65.478169	82.083649	y
*Exact match for i=119 and j=120.
*i point 65.478169	82.083649	62.337931	84.493219	y
*Exact match for i=120 and j=121.
*i point 62.337931	84.493219	62.109430	84.619457	y
*Exact match for i=121 and j=122.
*i point 62.109430	84.619457	61.856043	84.682255	y
*Exact match for i=122 and j=123.
*i point 61.856043	84.682255	61.595037	84.677332	y
*Exact match for i=123 and j=124.
*i point 61.595037	84.677332	61.344199	84.605023	y
*Exact match for i=124 and j=125.
*i point 61.344199	84.605023	61.120623	84.470257	y
*Exact match for i=125 and j=126.
*i point 61.120623	84.470257	60.939545	84.282217	y
*Exact match for i=126 and j=127.
*i point 60.939545	84.282217	60.813305	84.053717	y
*Exact match for i=127 and j=128.
*i point 60.813305	84.053717	60.750507	83.800331	y
*Exact match for i=128 and j=129.
*i point 60.750507	83.800331	60.749391	83.789919	y
*Exact match for i=129 and j=130.
*i point 60.749391	83.789919	59.502885	78.525035	y
*Exact match for i=130 and j=131.
*i point 59.502885	78.525035	56.936202	73.762166	y
*Exact match for i=131 and j=132.
*i point 56.936202	73.762166	53.224254	69.825895	y
*Exact match for i=132 and j=133.
*i point 53.224254	69.825895	50.001019	67.667309	y
*Exact match for i=133 and j=134.
*i point 50.001019	67.667309	24.402791	57.871150	y
*Exact match for i=134 and j=135.
*i point 24.402791	57.871150	-2.858632	55.034096	y
*Exact match for i=135 and j=136.
*i point -2.858632	55.034096	-29.925428	59.349489	y
*Exact match for i=136 and j=137.
*i point -29.925428	59.349489	-50.002250	67.665050	y
*Exact match for i=137 and j=138.
*i point -50.002250	67.665050	-54.382825	70.841116	y
*Exact match for i=138 and j=139.
*i point -54.382825	70.841116	-57.792107	75.042737	y
*Exact match for i=139 and j=140.
*i point -57.792107	75.042737	-59.997762	79.983579	y
########### array after sorts ###########
0	-22.496841	-72.880500	-22.496841	-76.670300	y
1	-22.496841	-76.670300	-22.565012	-77.187953	y
2	-22.565012	-77.187953	-22.764838	-77.670322	y
3	-22.764838	-77.670322	-23.082701	-78.084536	y
4	-23.082701	-78.084536	-23.496941	-78.402366	y
5	-23.496941	-78.402366	-23.979325	-78.602154	y
6	-23.979325	-78.602154	-24.496982	-78.670284	y
7	-24.496982	-78.670284	-25.014634	-78.602113	y
8	-25.014634	-78.602113	-25.051959	-78.591719	y
9	-25.051959	-78.591719	-44.539536	-69.429324	y
10	-44.539536	-69.429324	-60.991687	-55.535372	y
11	-60.991687	-55.535372	-73.287224	-37.856716	y
12	-73.287224	-37.856716	-80.588229	-17.598125	y
13	-80.588229	-17.598125	-82.397149	3.859810	y
14	-82.397149	3.859810	-78.590709	25.054766	y
15	-78.590709	25.054766	-69.428312	44.542342	y
16	-69.428312	44.542342	-55.693850	60.848891	y
17	-55.693850	60.848891	-55.244309	61.114429	y
18	-55.244309	61.114429	-54.741361	61.254570	y
19	-54.741361	61.254570	-54.219278	61.259763	y
20	-54.219278	61.259763	-53.713642	61.129654	y
21	-53.713642	61.129654	-53.509341	61.033669	y
22	-53.509341	61.033669	-50.152300	59.290791	y
23	-50.152300	59.290791	-49.719323	58.999033	y
24	-49.719323	58.999033	-49.376612	58.605152	y
25	-49.376612	58.605152	-49.147523	58.135991	y
26	-49.147523	58.135991	-49.047667	57.623524	y
27	-49.047667	57.623524	-49.083851	57.102675	y
28	-49.083851	57.102675	-49.253607	56.608938	y
29	-49.253607	56.608938	-49.545367	56.175961	y
30	-49.545367	56.175961	-49.716131	56.004831	y
31	-49.716131	56.004831	-62.517389	41.229919	y
32	-62.517389	41.229919	-71.058425	23.645239	y
33	-71.058425	23.645239	-74.757183	4.449159	y
34	-74.757183	4.449159	-73.361598	-15.050139	y
35	-73.361598	-15.050139	-66.966776	-33.523811	y
36	-66.966776	-33.523811	-56.008515	-49.712906	y
37	-56.008515	-49.712906	-41.233601	-62.514164	y
38	-41.233601	-62.514164	-23.859641	-70.984731	y
39	-23.859641	-70.984731	-23.390684	-71.214258	y
40	-23.390684	-71.214258	-22.997112	-71.557338	y
41	-22.997112	-71.557338	-22.705747	-71.990592	y
42	-22.705747	-71.990592	-22.536444	-72.484494	y
43	-22.536444	-72.484494	-22.496841	-72.880500	y
44	24.897731	-78.640569	24.376831	-78.675892	y
45	24.376831	-78.675892	23.864536	-78.575191	y
46	23.864536	-78.575191	23.395761	-78.345329	y
47	23.395761	-78.345329	23.002451	-78.001972	y
48	23.002451	-78.001972	22.711411	-77.568519	y
49	22.711411	-77.568519	22.542473	-77.074508	y
50	22.542473	-77.074508	22.503159	-76.679881	y
51	22.503159	-76.679881	22.503159	-72.878231	y
52	22.503159	-72.878231	22.571285	-72.360614	y
53	22.571285	-72.360614	22.771059	-71.878267	y
54	22.771059	-71.878267	23.088866	-71.464061	y
55	23.088866	-71.464061	23.503048	-71.146224	y
56	23.503048	-71.146224	23.865769	-70.982509	y
57	23.865769	-70.982509	41.424299	-62.386731	y
58	41.424299	-62.386731	56.159788	-49.539364	y
59	56.159788	-49.539364	67.068033	-33.315935	y
60	67.068033	-33.315935	73.405656	-14.822044	y
61	73.405656	-14.822044	74.740759	4.681980	y
62	74.740759	4.681980	70.982357	23.866970	y
63	70.982357	23.866970	62.386578	41.425502	y
64	62.386578	41.425502	49.715400	56.005081	y
65	49.715400	56.005081	49.373529	56.399696	y
66	49.373529	56.399696	49.145439	56.869346	y
67	49.145439	56.869346	49.046675	57.382027	y
68	49.046675	57.382027	49.083969	57.902800	y
69	49.083969	57.902800	49.254777	58.396177	y
70	49.254777	58.396177	49.547461	58.828533	y
71	49.547461	58.828533	49.942074	59.170405	y
72	49.942074	59.170405	50.151569	59.291059	y
73	50.151569	59.291059	53.512231	61.035891	y
74	53.512231	61.035891	53.999991	61.222159	y
75	53.999991	61.222159	54.519341	61.275840	y
76	54.519341	61.275840	55.034887	61.193275	y
77	55.034887	61.193275	55.511497	60.980089	y
78	55.511497	60.980089	55.661019	60.878519	y
79	55.661019	60.878519	69.521172	44.398940	y
80	69.521172	44.398940	78.643824	24.893619	y
81	78.643824	24.893619	82.407279	3.691809	y
82	82.407279	3.691809	80.555066	-17.761621	y
83	80.555066	-17.761621	73.213409	-38.004654	y
84	73.213409	-38.004654	60.882631	-55.657763	y
85	60.882631	-55.657763	44.403053	-69.517916	y
86	44.403053	-69.517916	24.897731	-78.640569	y
87	-18.496841	-39.932359	18.503159	-39.932359	y
88	18.503159	-39.932359	18.503159	-70.432359	y
89	18.503159	-70.432359	-18.496841	-70.432359	y
90	-18.496841	-70.432359	-18.496841	-39.932359	y
91	-60.750409	83.789409	-60.810518	84.043444	y
92	-60.810518	84.043444	-60.934326	84.273264	y
93	-60.934326	84.273264	-61.113398	84.463209	y
94	-61.113398	84.463209	-61.335529	84.600334	y
95	-61.335529	84.600334	-61.585582	84.675296	y
96	-61.585582	84.675296	-61.846517	84.682984	y
97	-61.846517	84.682984	-62.100550	84.622876	y
98	-62.100550	84.622876	-62.330370	84.499068	y
99	-62.330370	84.499068	-62.338969	84.492791	y
100	-62.338969	84.492791	-82.082925	65.479350	y
101	-82.082925	65.479350	-96.233081	42.003662	y
102	-96.233081	42.003662	-103.825127	15.665560	y
103	-103.825127	15.665560	-104.341678	-11.740060	y
104	-104.341678	-11.740060	-97.747531	-38.345549	y
105	-97.747531	-38.345549	-84.492068	-62.337787	y
106	-84.492068	-62.337787	-65.478625	-82.081743	y
107	-65.478625	-82.081743	-42.002938	-96.231899	y
108	-42.002938	-96.231899	-15.664835	-103.823946	y
109	-15.664835	-103.823946	11.740785	-104.340497	y
110	11.740785	-104.340497	38.346274	-97.746350	y
111	38.346274	-97.746350	62.338512	-84.490887	y
112	62.338512	-84.490887	82.082468	-65.477444	y
113	82.082468	-65.477444	96.232624	-42.001756	y
114	96.232624	-42.001756	103.824671	-15.663654	y
115	103.824671	-15.663654	104.341222	11.741966	y
116	104.341222	11.741966	97.747075	38.347455	y
117	97.747075	38.347455	84.491612	62.339693	y
118	84.491612	62.339693	65.478169	82.083649	y
119	65.478169	82.083649	62.337931	84.493219	y
120	62.337931	84.493219	62.109430	84.619457	y
121	62.109430	84.619457	61.856043	84.682255	y
122	61.856043	84.682255	61.595037	84.677332	y
123	61.595037	84.677332	61.344199	84.605023	y
124	61.344199	84.605023	61.120623	84.470257	y
125	61.120623	84.470257	60.939545	84.282217	y
126	60.939545	84.282217	60.813305	84.053717	y
127	60.813305	84.053717	60.750507	83.800331	y
128	60.750507	83.800331	60.749391	83.789919	y
129	60.749391	83.789919	59.502885	78.525035	y
130	59.502885	78.525035	56.936202	73.762166	y
131	56.936202	73.762166	53.224254	69.825895	y
132	53.224254	69.825895	50.001019	67.667309	y
133	50.001019	67.667309	24.402791	57.871150	y
134	24.402791	57.871150	-2.858632	55.034096	y
135	-2.858632	55.034096	-29.925428	59.349489	y
136	-29.925428	59.349489	-50.002250	67.665050	y
137	-50.002250	67.665050	-54.382825	70.841116	y
138	-54.382825	70.841116	-57.792107	75.042737	y
139	-57.792107	75.042737	-59.997762	79.983579	y
140	-59.997762	79.983579	-60.750409	83.789409	y
***************
.BOARD_OUTLINE UNOWNED
1.6
0     -22.496841     -72.880500     0
0     -22.496841     -76.670300     0
0     -22.565012     -77.187953     0
0     -22.764838     -77.670322     0
0     -23.082701     -78.084536     0
0     -23.496941     -78.402366     0
0     -23.979325     -78.602154     0
0     -24.496982     -78.670284     0
0     -25.014634     -78.602113     0
0     -25.051959     -78.591719     0
0     -44.539536     -69.429324     0
0     -60.991687     -55.535372     0
0     -73.287224     -37.856716     0
0     -80.588229     -17.598125     0
0     -82.397149     3.859810     0
0     -78.590709     25.054766     0
0     -69.428312     44.542342     0
0     -55.693850     60.848891     0
0     -55.244309     61.114429     0
0     -54.741361     61.254570     0
0     -54.219278     61.259763     0
0     -53.713642     61.129654     0
0     -53.509341     61.033669     0
0     -50.152300     59.290791     0
0     -49.719323     58.999033     0
0     -49.376612     58.605152     0
0     -49.147523     58.135991     0
0     -49.047667     57.623524     0
0     -49.083851     57.102675     0
0     -49.253607     56.608938     0
0     -49.545367     56.175961     0
0     -49.716131     56.004831     0
0     -62.517389     41.229919     0
0     -71.058425     23.645239     0
0     -74.757183     4.449159     0
0     -73.361598     -15.050139     0
0     -66.966776     -33.523811     0
0     -56.008515     -49.712906     0
0     -41.233601     -62.514164     0
0     -23.859641     -70.984731     0
0     -23.390684     -71.214258     0
0     -22.997112     -71.557338     0
0     -22.705747     -71.990592     0
0     -22.536444     -72.484494     0
0     -22.496841     -72.880500     0
1     24.897731     -78.640569     0
1     24.376831     -78.675892     0
1     23.864536     -78.575191     0
1     23.395761     -78.345329     0
1     23.002451     -78.001972     0
1     22.711411     -77.568519     0
1     22.542473     -77.074508     0
1     22.503159     -76.679881     0
1     22.503159     -72.878231     0
1     22.571285     -72.360614     0
1     22.771059     -71.878267     0
1     23.088866     -71.464061     0
1     23.503048     -71.146224     0
1     23.865769     -70.982509     0
1     41.424299     -62.386731     0
1     56.159788     -49.539364     0
1     67.068033     -33.315935     0
1     73.405656     -14.822044     0
1     74.740759     4.681980     0
1     70.982357     23.866970     0
1     62.386578     41.425502     0
1     49.715400     56.005081     0
1     49.373529     56.399696     0
1     49.145439     56.869346     0
1     49.046675     57.382027     0
1     49.083969     57.902800     0
1     49.254777     58.396177     0
1     49.547461     58.828533     0
1     49.942074     59.170405     0
1     50.151569     59.291059     0
1     53.512231     61.035891     0
1     53.999991     61.222159     0
1     54.519341     61.275840     0
1     55.034887     61.193275     0
1     55.511497     60.980089     0
1     55.661019     60.878519     0
1     69.521172     44.398940     0
1     78.643824     24.893619     0
1     82.407279     3.691809     0
1     80.555066     -17.761621     0
1     73.213409     -38.004654     0
1     60.882631     -55.657763     0
1     44.403053     -69.517916     0
1     24.897731     -78.640569     0
2     -18.496841     -39.932359     0
2     18.503159     -39.932359     0
2     18.503159     -70.432359     0
2     -18.496841     -70.432359     0
2     -18.496841     -39.932359     0
3     -60.750409     83.789409     0
3     -60.810518     84.043444     0
3     -60.934326     84.273264     0
3     -61.113398     84.463209     0
3     -61.335529     84.600334     0
3     -61.585582     84.675296     0
3     -61.846517     84.682984     0
3     -62.100550     84.622876     0
3     -62.330370     84.499068     0
3     -62.338969     84.492791     0
3     -82.082925     65.479350     0
3     -96.233081     42.003662     0
3     -103.825127     15.665560     0
3     -104.341678     -11.740060     0
3     -97.747531     -38.345549     0
3     -84.492068     -62.337787     0
3     -65.478625     -82.081743     0
3     -42.002938     -96.231899     0
3     -15.664835     -103.823946     0
3     11.740785     -104.340497     0
3     38.346274     -97.746350     0
3     62.338512     -84.490887     0
3     82.082468     -65.477444     0
3     96.232624     -42.001756     0
3     103.824671     -15.663654     0
3     104.341222     11.741966     0
3     97.747075     38.347455     0
3     84.491612     62.339693     0
3     65.478169     82.083649     0
3     62.337931     84.493219     0
3     62.109430     84.619457     0
3     61.856043     84.682255     0
3     61.595037     84.677332     0
3     61.344199     84.605023     0
3     61.120623     84.470257     0
3     60.939545     84.282217     0
3     60.813305     84.053717     0
3     60.750507     83.800331     0
3     60.749391     83.789919     0
3     59.502885     78.525035     0
3     56.936202     73.762166     0
3     53.224254     69.825895     0
3     50.001019     67.667309     0
3     24.402791     57.871150     0
3     -2.858632     55.034096     0
3     -29.925428     59.349489     0
3     -50.002250     67.665050     0
3     -54.382825     70.841116     0
3     -57.792107     75.042737     0
3     -59.997762     79.983579     0
3     -60.750409     83.789409     0
